<?xml version="1.0" encoding="UTF-8"?>
<testng-results skipped="0" failed="0" ignored="0" total="1" passed="1">
  <reporter-output>
  </reporter-output>
  <suite name="Default suite" duration-ms="6656" started-at="2018-11-09T17:02:22Z" finished-at="2018-11-09T17:02:28Z">
    <groups>
    </groups>
    <test name="Default test" duration-ms="6656" started-at="2018-11-09T17:02:22Z" finished-at="2018-11-09T17:02:28Z">
      <class name="automationFramework.UDF_TC">
        <test-method status="PASS" signature="beforeMethod()[pri:0, instance:automationFramework.UDF_TC@402a079c]" name="beforeMethod" is-config="true" duration-ms="4146" started-at="2018-11-09T17:02:22Z" finished-at="2018-11-09T17:02:26Z">
          <reporter-output>
          </reporter-output>
        </test-method> <!-- beforeMethod -->
        <test-method status="PASS" signature="main()[pri:0, instance:automationFramework.UDF_TC@402a079c]" name="main" duration-ms="1896" started-at="2018-11-09T17:02:26Z" finished-at="2018-11-09T17:02:28Z">
          <reporter-output>
          </reporter-output>
        </test-method> <!-- main -->
        <test-method status="PASS" signature="afterMethod()[pri:0, instance:automationFramework.UDF_TC@402a079c]" name="afterMethod" is-config="true" duration-ms="589" started-at="2018-11-09T17:02:28Z" finished-at="2018-11-09T17:02:28Z">
          <reporter-output>
          </reporter-output>
        </test-method> <!-- afterMethod -->
      </class> <!-- automationFramework.UDF_TC -->
    </test> <!-- Default test -->
  </suite> <!-- Default suite -->
</testng-results>
